<?xml version="1.0" encoding="UTF-8"?>
<!-- Generated by org.testng.reporters.JUnitXMLReporter -->
<testsuite ignored="0" hostname="DESKTOP-BS115LP" failures="0" tests="2" name="Default test" time="12.118" errors="0" timestamp="2022-05-10T17:06:11 EDT">
  <testcase classname="com.Test.RegistrationPageTest" name="PageTitleTest" time="2.554"/>
  <testcase classname="com.Test.RegistrationPageTest" name="RegisterNewUserTest" time="0.0">
    <skipped/>
  </testcase> <!-- RegisterNewUserTest -->
</testsuite> <!-- Default test -->
