<?xml version="1.0" encoding="UTF-8"?>
<testsuite xmlns:xsi="http://www.w3.org/2001/XMLSchema-instance" xsi:noNamespaceSchemaLocation="https://maven.apache.org/surefire/maven-surefire-plugin/xsd/surefire-test-report.xsd" name="com.Test.HomePageTest" time="79.259" tests="5" errors="0" skipped="0" failures="0">
  <properties>
[...]
</properties>
  <testcase name="ClickCartFieldTest" classname="com.Test.HomePageTest" time="1.792"/>
  <testcase name="ConditionOfUseLinkTest" classname="com.Test.HomePageTest" time="3.955"/>
  <testcase name="PageTitleTest" classname="com.Test.HomePageTest" time="0.018"/>
  <testcase name="customerServiceLinkTest" classname="com.Test.HomePageTest" time="1.948"/>
  <testcase name="searchBoxFunctionTest" classname="com.Test.HomePageTest" time="4.712"/>
</testsuite>