<?xml version="1.0" encoding="UTF-8"?>
<testng-results ignored="0" total="9" passed="8" failed="1" skipped="0">
  <reporter-output>
  </reporter-output>
  <suite started-at="2022-05-09T17:16:44 EDT" name="Surefire suite" finished-at="2022-05-09T17:19:10 EDT" duration-ms="145844">
    <groups>
    </groups>
    <test started-at="2022-05-09T17:16:44 EDT" name="Surefire test" finished-at="2022-05-09T17:19:10 EDT" duration-ms="145844">
      <class name="com.Test.SignInPageTest">
        <test-method is-config="true" signature="setUp()[pri:0, instance:com.Test.SignInPageTest@65d09a04]" started-at="2022-05-09T17:17:50 EDT" name="setUp" finished-at="2022-05-09T17:18:00 EDT" duration-ms="9894" status="PASS">
          <reporter-output>
          </reporter-output>
        </test-method> <!-- setUp -->
        <test-method signature="SignInFieldTest()[pri:1, instance:com.Test.SignInPageTest@65d09a04]" started-at="2022-05-09T17:18:00 EDT" name="SignInFieldTest" finished-at="2022-05-09T17:18:02 EDT" duration-ms="1942" status="PASS">
          <reporter-output>
          </reporter-output>
        </test-method> <!-- SignInFieldTest -->
        <test-method is-config="true" signature="TearDown()[pri:0, instance:com.Test.SignInPageTest@65d09a04]" started-at="2022-05-09T17:18:02 EDT" name="TearDown" finished-at="2022-05-09T17:18:04 EDT" duration-ms="2608" status="PASS">
          <reporter-output>
          </reporter-output>
        </test-method> <!-- TearDown -->
        <test-method is-config="true" signature="setUp()[pri:0, instance:com.Test.SignInPageTest@65d09a04]" started-at="2022-05-09T17:18:04 EDT" name="setUp" finished-at="2022-05-09T17:18:16 EDT" duration-ms="11328" status="PASS">
          <reporter-output>
          </reporter-output>
        </test-method> <!-- setUp -->
        <test-method signature="UserIDPhoneTest()[pri:2, instance:com.Test.SignInPageTest@65d09a04]" started-at="2022-05-09T17:18:16 EDT" name="UserIDPhoneTest" finished-at="2022-05-09T17:18:20 EDT" duration-ms="3970" status="PASS">
          <reporter-output>
          </reporter-output>
        </test-method> <!-- UserIDPhoneTest -->
        <test-method is-config="true" signature="TearDown()[pri:0, instance:com.Test.SignInPageTest@65d09a04]" started-at="2022-05-09T17:18:20 EDT" name="TearDown" finished-at="2022-05-09T17:18:23 EDT" duration-ms="3368" status="PASS">
          <reporter-output>
          </reporter-output>
        </test-method> <!-- TearDown -->
        <test-method is-config="true" signature="setUp()[pri:0, instance:com.Test.SignInPageTest@65d09a04]" started-at="2022-05-09T17:18:23 EDT" name="setUp" finished-at="2022-05-09T17:18:35 EDT" duration-ms="11695" status="PASS">
          <reporter-output>
          </reporter-output>
        </test-method> <!-- setUp -->
        <test-method signature="PasswordFieldTest()[pri:3, instance:com.Test.SignInPageTest@65d09a04]" started-at="2022-05-09T17:18:35 EDT" name="PasswordFieldTest" finished-at="2022-05-09T17:18:43 EDT" duration-ms="7957" status="PASS">
          <reporter-output>
          </reporter-output>
        </test-method> <!-- PasswordFieldTest -->
        <test-method is-config="true" signature="TearDown()[pri:0, instance:com.Test.SignInPageTest@65d09a04]" started-at="2022-05-09T17:18:43 EDT" name="TearDown" finished-at="2022-05-09T17:18:47 EDT" duration-ms="4578" status="PASS">
          <reporter-output>
          </reporter-output>
        </test-method> <!-- TearDown -->
        <test-method is-config="true" signature="setUp()[pri:0, instance:com.Test.SignInPageTest@65d09a04]" started-at="2022-05-09T17:18:47 EDT" name="setUp" finished-at="2022-05-09T17:18:59 EDT" duration-ms="11875" status="PASS">
          <reporter-output>
          </reporter-output>
        </test-method> <!-- setUp -->
        <test-method signature="SignOutTest()[pri:4, instance:com.Test.SignInPageTest@65d09a04]" started-at="2022-05-09T17:18:59 EDT" name="SignOutTest" finished-at="2022-05-09T17:19:06 EDT" duration-ms="6964" status="PASS">
          <reporter-output>
          </reporter-output>
        </test-method> <!-- SignOutTest -->
        <test-method is-config="true" signature="TearDown()[pri:0, instance:com.Test.SignInPageTest@65d09a04]" started-at="2022-05-09T17:19:06 EDT" name="TearDown" finished-at="2022-05-09T17:19:10 EDT" duration-ms="3949" status="PASS">
          <reporter-output>
          </reporter-output>
        </test-method> <!-- TearDown -->
      </class> <!-- com.Test.SignInPageTest -->
      <class name="com.Test.HomePageTest">
        <test-method is-config="true" signature="SetUp()[pri:0, instance:com.Test.HomePageTest@1ce24091]" started-at="2022-05-09T17:16:44 EDT" name="SetUp" finished-at="2022-05-09T17:16:55 EDT" duration-ms="10939" status="PASS">
          <reporter-output>
          </reporter-output>
        </test-method> <!-- SetUp -->
        <test-method signature="ClickCartFieldTest()[pri:0, instance:com.Test.HomePageTest@1ce24091]" started-at="2022-05-09T17:16:55 EDT" name="ClickCartFieldTest" finished-at="2022-05-09T17:16:57 EDT" duration-ms="1840" status="PASS">
          <reporter-output>
          </reporter-output>
        </test-method> <!-- ClickCartFieldTest -->
        <test-method is-config="true" signature="TearDown()[pri:0, instance:com.Test.HomePageTest@1ce24091]" started-at="2022-05-09T17:16:57 EDT" name="TearDown" finished-at="2022-05-09T17:17:00 EDT" duration-ms="2573" status="PASS">
          <reporter-output>
          </reporter-output>
        </test-method> <!-- TearDown -->
        <test-method is-config="true" signature="SetUp()[pri:0, instance:com.Test.HomePageTest@1ce24091]" started-at="2022-05-09T17:17:00 EDT" name="SetUp" finished-at="2022-05-09T17:17:09 EDT" duration-ms="9453" status="PASS">
          <reporter-output>
          </reporter-output>
        </test-method> <!-- SetUp -->
        <test-method signature="ConditionOfUseLinkTest()[pri:0, instance:com.Test.HomePageTest@1ce24091]" started-at="2022-05-09T17:17:09 EDT" name="ConditionOfUseLinkTest" finished-at="2022-05-09T17:17:13 EDT" duration-ms="4018" status="PASS">
          <reporter-output>
          </reporter-output>
        </test-method> <!-- ConditionOfUseLinkTest -->
        <test-method is-config="true" signature="TearDown()[pri:0, instance:com.Test.HomePageTest@1ce24091]" started-at="2022-05-09T17:17:13 EDT" name="TearDown" finished-at="2022-05-09T17:17:16 EDT" duration-ms="2720" status="PASS">
          <reporter-output>
          </reporter-output>
        </test-method> <!-- TearDown -->
        <test-method is-config="true" signature="SetUp()[pri:0, instance:com.Test.HomePageTest@1ce24091]" started-at="2022-05-09T17:17:16 EDT" name="SetUp" finished-at="2022-05-09T17:17:25 EDT" duration-ms="8833" status="PASS">
          <reporter-output>
          </reporter-output>
        </test-method> <!-- SetUp -->
        <test-method signature="PageTitleTest()[pri:0, instance:com.Test.HomePageTest@1ce24091]" started-at="2022-05-09T17:17:25 EDT" name="PageTitleTest" finished-at="2022-05-09T17:17:25 EDT" duration-ms="25" status="PASS">
          <reporter-output>
          </reporter-output>
        </test-method> <!-- PageTitleTest -->
        <test-method is-config="true" signature="TearDown()[pri:0, instance:com.Test.HomePageTest@1ce24091]" started-at="2022-05-09T17:17:25 EDT" name="TearDown" finished-at="2022-05-09T17:17:27 EDT" duration-ms="2614" status="PASS">
          <reporter-output>
          </reporter-output>
        </test-method> <!-- TearDown -->
        <test-method is-config="true" signature="SetUp()[pri:0, instance:com.Test.HomePageTest@1ce24091]" started-at="2022-05-09T17:17:27 EDT" name="SetUp" finished-at="2022-05-09T17:17:37 EDT" duration-ms="9750" status="PASS">
          <reporter-output>
          </reporter-output>
        </test-method> <!-- SetUp -->
        <test-method signature="customerServiceLinkTest()[pri:0, instance:com.Test.HomePageTest@1ce24091]" started-at="2022-05-09T17:17:37 EDT" name="customerServiceLinkTest" finished-at="2022-05-09T17:17:39 EDT" duration-ms="1921" status="PASS">
          <reporter-output>
          </reporter-output>
        </test-method> <!-- customerServiceLinkTest -->
        <test-method is-config="true" signature="TearDown()[pri:0, instance:com.Test.HomePageTest@1ce24091]" started-at="2022-05-09T17:17:39 EDT" name="TearDown" finished-at="2022-05-09T17:17:42 EDT" duration-ms="2612" status="PASS">
          <reporter-output>
          </reporter-output>
        </test-method> <!-- TearDown -->
        <test-method is-config="true" signature="SetUp()[pri:0, instance:com.Test.HomePageTest@1ce24091]" started-at="2022-05-09T17:17:42 EDT" name="SetUp" finished-at="2022-05-09T17:17:48 EDT" duration-ms="6151" status="PASS">
          <reporter-output>
          </reporter-output>
        </test-method> <!-- SetUp -->
        <test-method signature="searchBoxFunctionTest()[pri:0, instance:com.Test.HomePageTest@1ce24091]" started-at="2022-05-09T17:17:48 EDT" name="searchBoxFunctionTest" finished-at="2022-05-09T17:17:48 EDT" duration-ms="129" status="FAIL">
          <exception class="org.openqa.selenium.NoSuchElementException">
            <message>
              <![CDATA[Unable to locate element: #twotabsearchtextbox
For documentation on this error, please visit: https://www.seleniumhq.org/exceptions/no_such_element.html
Build info: version: '3.141.59', revision: 'e82be7d358', time: '2018-11-14T08:17:03'
System info: host: 'DESKTOP-BS115LP', ip: '192.168.234.1', os.name: 'Windows 10', os.arch: 'amd64', os.version: '10.0', java.version: '17.0.1'
Driver info: org.openqa.selenium.firefox.FirefoxDriver
Capabilities {acceptInsecureCerts: true, browserName: firefox, browserVersion: 100.0, javascriptEnabled: true, moz:accessibilityChecks: false, moz:buildID: 20220428192727, moz:geckodriverVersion: 0.30.0, moz:headless: false, moz:processID: 31072, moz:profile: C:\Users\rafri\AppData\Loca..., moz:shutdownTimeout: 60000, moz:useNonSpecCompliantPointerOrigin: false, moz:webdriverClick: true, pageLoadStrategy: normal, platform: WINDOWS, platformName: WINDOWS, platformVersion: 10.0, proxy: Proxy(), setWindowRect: true, strictFileInteractability: false, timeouts: {implicit: 0, pageLoad: 300000, script: 30000}, unhandledPromptBehavior: dismiss and notify}
Session ID: 5210a757-4dd7-439d-be5d-e4b188d0fc2f
*** Element info: {Using=id, value=twotabsearchtextbox}]]>
            </message>
            <full-stacktrace>
              <![CDATA[org.openqa.selenium.NoSuchElementException: Unable to locate element: #twotabsearchtextbox
For documentation on this error, please visit: https://www.seleniumhq.org/exceptions/no_such_element.html
Build info: version: '3.141.59', revision: 'e82be7d358', time: '2018-11-14T08:17:03'
System info: host: 'DESKTOP-BS115LP', ip: '192.168.234.1', os.name: 'Windows 10', os.arch: 'amd64', os.version: '10.0', java.version: '17.0.1'
Driver info: org.openqa.selenium.firefox.FirefoxDriver
Capabilities {acceptInsecureCerts: true, browserName: firefox, browserVersion: 100.0, javascriptEnabled: true, moz:accessibilityChecks: false, moz:buildID: 20220428192727, moz:geckodriverVersion: 0.30.0, moz:headless: false, moz:processID: 31072, moz:profile: C:\Users\rafri\AppData\Loca..., moz:shutdownTimeout: 60000, moz:useNonSpecCompliantPointerOrigin: false, moz:webdriverClick: true, pageLoadStrategy: normal, platform: WINDOWS, platformName: WINDOWS, platformVersion: 10.0, proxy: Proxy(), setWindowRect: true, strictFileInteractability: false, timeouts: {implicit: 0, pageLoad: 300000, script: 30000}, unhandledPromptBehavior: dismiss and notify}
Session ID: 5210a757-4dd7-439d-be5d-e4b188d0fc2f
*** Element info: {Using=id, value=twotabsearchtextbox}
at java.base/jdk.internal.reflect.NativeConstructorAccessorImpl.newInstance0(Native Method)
at java.base/jdk.internal.reflect.NativeConstructorAccessorImpl.newInstance(NativeConstructorAccessorImpl.java:77)
at java.base/jdk.internal.reflect.DelegatingConstructorAccessorImpl.newInstance(DelegatingConstructorAccessorImpl.java:45)
at java.base/java.lang.reflect.Constructor.newInstanceWithCaller(Constructor.java:499)
at java.base/java.lang.reflect.Constructor.newInstance(Constructor.java:480)
at org.openqa.selenium.remote.http.W3CHttpResponseCodec.createException(W3CHttpResponseCodec.java:187)
at org.openqa.selenium.remote.http.W3CHttpResponseCodec.decode(W3CHttpResponseCodec.java:122)
at org.openqa.selenium.remote.http.W3CHttpResponseCodec.decode(W3CHttpResponseCodec.java:49)
at org.openqa.selenium.remote.HttpCommandExecutor.execute(HttpCommandExecutor.java:158)
at org.openqa.selenium.remote.service.DriverCommandExecutor.execute(DriverCommandExecutor.java:83)
at org.openqa.selenium.remote.RemoteWebDriver.execute(RemoteWebDriver.java:552)
at org.openqa.selenium.remote.RemoteWebDriver.findElement(RemoteWebDriver.java:323)
at org.openqa.selenium.remote.RemoteWebDriver.findElementById(RemoteWebDriver.java:372)
at org.openqa.selenium.By$ById.findElement(By.java:188)
at org.openqa.selenium.remote.RemoteWebDriver.findElement(RemoteWebDriver.java:315)
at org.openqa.selenium.support.pagefactory.DefaultElementLocator.findElement(DefaultElementLocator.java:69)
at org.openqa.selenium.support.pagefactory.internal.LocatingElementHandler.invoke(LocatingElementHandler.java:38)
at jdk.proxy2/jdk.proxy2.$Proxy9.sendKeys(Unknown Source)
at com.Page.HomePage.searchBoxFunction(HomePage.java:45)
at com.Test.HomePageTest.searchBoxFunctionTest(HomePageTest.java:35)
at java.base/jdk.internal.reflect.NativeMethodAccessorImpl.invoke0(Native Method)
at java.base/jdk.internal.reflect.NativeMethodAccessorImpl.invoke(NativeMethodAccessorImpl.java:77)
at java.base/jdk.internal.reflect.DelegatingMethodAccessorImpl.invoke(DelegatingMethodAccessorImpl.java:43)
at java.base/java.lang.reflect.Method.invoke(Method.java:568)
at org.testng.internal.MethodInvocationHelper.invokeMethod(MethodInvocationHelper.java:133)
at org.testng.internal.TestInvoker.invokeMethod(TestInvoker.java:598)
at org.testng.internal.TestInvoker.invokeTestMethod(TestInvoker.java:173)
at org.testng.internal.MethodRunner.runInSequence(MethodRunner.java:46)
at org.testng.internal.TestInvoker$MethodInvocationAgent.invoke(TestInvoker.java:824)
at org.testng.internal.TestInvoker.invokeTestMethods(TestInvoker.java:146)
at org.testng.internal.TestMethodWorker.invokeTestMethods(TestMethodWorker.java:146)
at org.testng.internal.TestMethodWorker.run(TestMethodWorker.java:128)
at java.base/java.util.ArrayList.forEach(ArrayList.java:1511)
at org.testng.TestRunner.privateRun(TestRunner.java:794)
at org.testng.TestRunner.run(TestRunner.java:596)
at org.testng.SuiteRunner.runTest(SuiteRunner.java:377)
at org.testng.SuiteRunner.runSequentially(SuiteRunner.java:371)
at org.testng.SuiteRunner.privateRun(SuiteRunner.java:332)
at org.testng.SuiteRunner.run(SuiteRunner.java:276)
at org.testng.SuiteRunnerWorker.runSuite(SuiteRunnerWorker.java:53)
at org.testng.SuiteRunnerWorker.run(SuiteRunnerWorker.java:96)
at org.testng.TestNG.runSuitesSequentially(TestNG.java:1212)
at org.testng.TestNG.runSuitesLocally(TestNG.java:1134)
at org.testng.TestNG.runSuites(TestNG.java:1063)
at org.testng.TestNG.run(TestNG.java:1031)
at org.apache.maven.surefire.testng.TestNGExecutor.run(TestNGExecutor.java:135)
at org.apache.maven.surefire.testng.TestNGDirectoryTestSuite.executeMulti(TestNGDirectoryTestSuite.java:193)
at org.apache.maven.surefire.testng.TestNGDirectoryTestSuite.execute(TestNGDirectoryTestSuite.java:94)
at org.apache.maven.surefire.testng.TestNGProvider.invoke(TestNGProvider.java:146)
at org.apache.maven.surefire.booter.ForkedBooter.invokeProviderInSameClassLoader(ForkedBooter.java:384)
at org.apache.maven.surefire.booter.ForkedBooter.runSuitesInProcess(ForkedBooter.java:345)
at org.apache.maven.surefire.booter.ForkedBooter.execute(ForkedBooter.java:126)
at org.apache.maven.surefire.booter.ForkedBooter.main(ForkedBooter.java:418)
]]>
            </full-stacktrace>
          </exception> <!-- org.openqa.selenium.NoSuchElementException -->
          <reporter-output>
          </reporter-output>
        </test-method> <!-- searchBoxFunctionTest -->
        <test-method is-config="true" signature="TearDown()[pri:0, instance:com.Test.HomePageTest@1ce24091]" started-at="2022-05-09T17:17:48 EDT" name="TearDown" finished-at="2022-05-09T17:17:50 EDT" duration-ms="2069" status="PASS">
          <reporter-output>
          </reporter-output>
        </test-method> <!-- TearDown -->
      </class> <!-- com.Test.HomePageTest -->
    </test> <!-- Surefire test -->
  </suite> <!-- Surefire suite -->
</testng-results>
